<?xml version="1.0" encoding="UTF-8"?>
<testsuite xmlns:xsi="http://www.w3.org/2001/XMLSchema-instance" xsi:noNamespaceSchemaLocation="https://maven.apache.org/surefire/maven-surefire-plugin/xsd/surefire-test-report.xsd" name="com.mycompany.calculadora.CalculadoraJunitTest" time="0.044" tests="24" errors="0" skipped="0" failures="0">
  <properties>
    <property name="java.specification.version" value="19"/>
    <property name="sun.cpu.isalist" value="amd64"/>
    <property name="sun.jnu.encoding" value="UTF-8"/>
    <property name="java.class.path" value="C:\Users\Hugo\Documents\NetBeansProjects\calculadora\target\test-classes;C:\Users\Hugo\Documents\NetBeansProjects\calculadora\target\classes;C:\Users\Hugo\.m2\repository\org\junit\jupiter\junit-jupiter-api\5.6.0\junit-jupiter-api-5.6.0.jar;C:\Users\Hugo\.m2\repository\org\apiguardian\apiguardian-api\1.1.0\apiguardian-api-1.1.0.jar;C:\Users\Hugo\.m2\repository\org\opentest4j\opentest4j\1.2.0\opentest4j-1.2.0.jar;C:\Users\Hugo\.m2\repository\org\junit\platform\junit-platform-commons\1.6.0\junit-platform-commons-1.6.0.jar;C:\Users\Hugo\.m2\repository\org\junit\jupiter\junit-jupiter-params\5.6.0\junit-jupiter-params-5.6.0.jar;C:\Users\Hugo\.m2\repository\org\junit\jupiter\junit-jupiter-engine\5.6.0\junit-jupiter-engine-5.6.0.jar;C:\Users\Hugo\.m2\repository\org\junit\platform\junit-platform-engine\1.6.0\junit-platform-engine-1.6.0.jar;"/>
    <property name="java.vm.vendor" value="Oracle Corporation"/>
    <property name="sun.arch.data.model" value="64"/>
    <property name="user.variant" value=""/>
    <property name="java.vendor.url" value="https://java.oracle.com/"/>
    <property name="user.timezone" value="America/Sao_Paulo"/>
    <property name="os.name" value="Windows 10"/>
    <property name="java.vm.specification.version" value="19"/>
    <property name="user.country" value="BR"/>
    <property name="sun.java.launcher" value="SUN_STANDARD"/>
    <property name="sun.boot.library.path" value="C:\Program Files\Java\jdk-19\bin"/>
    <property name="sun.java.command" value="C:\Users\Hugo\AppData\Local\Temp\surefire17986531870380166806\surefirebooter12852283496469338925.jar C:\Users\Hugo\AppData\Local\Temp\surefire17986531870380166806 2024-03-24T22-48-19_650-jvmRun1 surefire15473452992963350465tmp surefire_011180206958285328967tmp"/>
    <property name="jdk.debug" value="release"/>
    <property name="surefire.test.class.path" value="C:\Users\Hugo\Documents\NetBeansProjects\calculadora\target\test-classes;C:\Users\Hugo\Documents\NetBeansProjects\calculadora\target\classes;C:\Users\Hugo\.m2\repository\org\junit\jupiter\junit-jupiter-api\5.6.0\junit-jupiter-api-5.6.0.jar;C:\Users\Hugo\.m2\repository\org\apiguardian\apiguardian-api\1.1.0\apiguardian-api-1.1.0.jar;C:\Users\Hugo\.m2\repository\org\opentest4j\opentest4j\1.2.0\opentest4j-1.2.0.jar;C:\Users\Hugo\.m2\repository\org\junit\platform\junit-platform-commons\1.6.0\junit-platform-commons-1.6.0.jar;C:\Users\Hugo\.m2\repository\org\junit\jupiter\junit-jupiter-params\5.6.0\junit-jupiter-params-5.6.0.jar;C:\Users\Hugo\.m2\repository\org\junit\jupiter\junit-jupiter-engine\5.6.0\junit-jupiter-engine-5.6.0.jar;C:\Users\Hugo\.m2\repository\org\junit\platform\junit-platform-engine\1.6.0\junit-platform-engine-1.6.0.jar;"/>
    <property name="sun.cpu.endian" value="little"/>
    <property name="user.home" value="C:\Users\Hugo"/>
    <property name="user.language" value="pt"/>
    <property name="java.specification.vendor" value="Oracle Corporation"/>
    <property name="java.version.date" value="2023-01-17"/>
    <property name="java.home" value="C:\Program Files\Java\jdk-19"/>
    <property name="file.separator" value="\"/>
    <property name="basedir" value="C:\Users\Hugo\Documents\NetBeansProjects\calculadora"/>
    <property name="java.vm.compressedOopsMode" value="Zero based"/>
    <property name="line.separator" value="&#10;"/>
    <property name="java.vm.specification.vendor" value="Oracle Corporation"/>
    <property name="java.specification.name" value="Java Platform API Specification"/>
    <property name="surefire.real.class.path" value="C:\Users\Hugo\AppData\Local\Temp\surefire17986531870380166806\surefirebooter12852283496469338925.jar"/>
    <property name="user.script" value=""/>
    <property name="sun.management.compiler" value="HotSpot 64-Bit Tiered Compilers"/>
    <property name="java.runtime.version" value="19.0.2+7-44"/>
    <property name="user.name" value="Hugo"/>
    <property name="stdout.encoding" value="UTF-8"/>
    <property name="path.separator" value=";"/>
    <property name="os.version" value="10.0"/>
    <property name="java.runtime.name" value="Java(TM) SE Runtime Environment"/>
    <property name="file.encoding" value="UTF-8"/>
    <property name="java.vm.name" value="Java HotSpot(TM) 64-Bit Server VM"/>
    <property name="maven.ext.class.path" value="C:\Program Files\NetBeans-17\netbeans\java\maven-nblib\netbeans-eventspy.jar"/>
    <property name="localRepository" value="C:\Users\Hugo\.m2\repository"/>
    <property name="java.vendor.url.bug" value="https://bugreport.java.com/bugreport/"/>
    <property name="java.io.tmpdir" value="C:\Users\Hugo\AppData\Local\Temp\"/>
    <property name="java.version" value="19.0.2"/>
    <property name="user.dir" value="C:\Users\Hugo\Documents\NetBeansProjects\calculadora"/>
    <property name="os.arch" value="amd64"/>
    <property name="java.vm.specification.name" value="Java Virtual Machine Specification"/>
    <property name="sun.os.patch.level" value=""/>
    <property name="native.encoding" value="UTF-8"/>
    <property name="java.library.path" value="C:\Program Files\Java\jdk-19\bin;C:\Windows\Sun\Java\bin;C:\Windows\system32;C:\Windows;C:\Program Files (x86)\NVIDIA Corporation\PhysX\Common;C:\Program Files\Common Files\Oracle\Java\javapath;C:\Program Files (x86)\Common Files\Oracle\Java\javapath;C:\Windows\system32;C:\Windows;C:\Windows\System32\Wbem;C:\Windows\System32\WindowsPowerShell\v1.0\;C:\Windows\System32\OpenSSH\;C:\Windows\System32;C:\Program Files\Git\cmd;C:\Program Files\MySQL\MySQL Shell 8.0\bin\;C:\Users\Hugo\AppData\Local\Microsoft\WindowsApps;C:\Users\Hugo\AppData\Local\Programs\Microsoft VS Code\bin;."/>
    <property name="java.vm.info" value="mixed mode, sharing"/>
    <property name="stderr.encoding" value="UTF-8"/>
    <property name="java.vendor" value="Oracle Corporation"/>
    <property name="java.vm.version" value="19.0.2+7-44"/>
    <property name="sun.io.unicode.encoding" value="UnicodeLittle"/>
    <property name="java.class.version" value="63.0"/>
  </properties>
  <testcase name="SomarDoisNumerosPositivos" classname="com.mycompany.calculadora.CalculadoraJunitTest" time="0.02"/>
  <testcase name="MultiplicarNumeroPositivoEUmZero" classname="com.mycompany.calculadora.CalculadoraJunitTest" time="0"/>
  <testcase name="SomarDoisNumerosNegativos" classname="com.mycompany.calculadora.CalculadoraJunitTest" time="0"/>
  <testcase name="MultiplicarNumerosNuloENumeroNegativo" classname="com.mycompany.calculadora.CalculadoraJunitTest" time="0"/>
  <testcase name="SomarNumeroPositivoENumeroNegativo" classname="com.mycompany.calculadora.CalculadoraJunitTest" time="0.001"/>
  <testcase name="SubtrairDoisZeros" classname="com.mycompany.calculadora.CalculadoraJunitTest" time="0.001"/>
  <testcase name="MultiplicarNumerosPositivoENumeroNegativo" classname="com.mycompany.calculadora.CalculadoraJunitTest" time="0"/>
  <testcase name="DividirNumerosPositivosSendoOSegundoMaior" classname="com.mycompany.calculadora.CalculadoraJunitTest" time="0"/>
  <testcase name="DividirNumerosNegativosSendoOPrimeiroMaior" classname="com.mycompany.calculadora.CalculadoraJunitTest" time="0"/>
  <testcase name="DividirNumeroPositivoESegundoNegativo" classname="com.mycompany.calculadora.CalculadoraJunitTest" time="0.001"/>
  <testcase name="SubtrairNumerosNegativosEUmZero" classname="com.mycompany.calculadora.CalculadoraJunitTest" time="0.001"/>
  <testcase name="SomarNumeroPositivoEUmZero" classname="com.mycompany.calculadora.CalculadoraJunitTest" time="0.001"/>
  <testcase name="SomarDoisZeros" classname="com.mycompany.calculadora.CalculadoraJunitTest" time="0"/>
  <testcase name="SomarNumeroNegativoEUmZero" classname="com.mycompany.calculadora.CalculadoraJunitTest" time="0"/>
  <testcase name="SubtrairNumerosPositivos" classname="com.mycompany.calculadora.CalculadoraJunitTest" time="0"/>
  <testcase name="SubtrairNumerosPositivoEUmZero" classname="com.mycompany.calculadora.CalculadoraJunitTest" time="0.001"/>
  <testcase name="DividirNumerosNuloPorNumerosPositivos" classname="com.mycompany.calculadora.CalculadoraJunitTest" time="0"/>
  <testcase name="MultiplicarNumerosPositivos" classname="com.mycompany.calculadora.CalculadoraJunitTest" time="0"/>
  <testcase name="DividirNumerosPositivosSendoOPrimeiroMaior" classname="com.mycompany.calculadora.CalculadoraJunitTest" time="0.001"/>
  <testcase name="DividirNumerosNegativosSendoOSegundoMaior" classname="com.mycompany.calculadora.CalculadoraJunitTest" time="0"/>
  <testcase name="SubtrairNumerosNegativos" classname="com.mycompany.calculadora.CalculadoraJunitTest" time="0"/>
  <testcase name="SubtrairNumeroPositivoENumeroNegativo" classname="com.mycompany.calculadora.CalculadoraJunitTest" time="0.001"/>
  <testcase name="MultiplicarNumerosNulos" classname="com.mycompany.calculadora.CalculadoraJunitTest" time="0"/>
  <testcase name="MultiplicarNumerosNegativos" classname="com.mycompany.calculadora.CalculadoraJunitTest" time="0.001"/>
</testsuite>